
Running the London Hartree-Fock program at ./london.x.
Founded by Erik Tellgren, Alessandro Soncini and Trygve Helgaker.
Programming by:
  Erik Tellgren (main programmer)
  Kai Kaarvann Lange
  Andrew M. Teale
  Ulf Ekstrom
  Stella Stopkowicz
  Jon H. Austad


Basis file ./baslib/STO-3G opened for reading.
Basis file ./baslib/STO-3G opened for reading.
User input successfully read from H2.inp.

london-input{
  analysis{
    analysis-only = no
    xml-print-potential-basis-overlap = no
    xml-print-potential-basis-kinetic = no
    export-operators = no
    # decypher-density-matrix-file = binary-file, plain-text-file
    # density-matrix-binary-to-text = binary-input-file, text-output-file
    # density-matrix-text-to-binary = text-input-file, binary-output-file
    # density-matrix-for-plotting = filename
    # density-plot-data = {filename,(x0,y0,z0),(x1,y1,z1),(x2,y2,z2),(x3,y3,z3),(N1xN2xN3),precision=N,scolon={y/n},fields{rho,grad(rho),jp,j,A,B,rho2nu,rho2omega,tau_p,tau_pi,laplacian(rho),grad(rho)^2,jp^2,tau_tensor}}
    # streamline-data = {filename,(x0,y0,z0),(x1,y1,z1),(x2,y2,z2),(x3,y3,z3),(N1xN2xN3),precision=N,scolon={y/n},fields{rho,grad(rho),jp,j,A,B,rho2nu,rho2omega,tau_p,tau_pi,laplacian(rho),grad(rho)^2,jp^2,tau_tensor}}
    # vortexline-data = {filename,(x0,y0,z0),(x1,y1,z1),(x2,y2,z2),(x3,y3,z3),(N1xN2xN3),precision=N,scolon={y/n},fields{rho,grad(rho),jp,j,A,B,rho2nu,rho2omega,tau_p,tau_pi,laplacian(rho),grad(rho)^2,jp^2,tau_tensor}}
    # current-through-plane = {density_matrix_file,(x0,y0,z0),(x1,y1,z1),(x2,y2,z2),(x3,y3,z3),(N1xN2xN3),precision=N,scolon={y/n},fields{rho,grad(rho),jp,j,A,B,rho2nu,rho2omega,tau_p,tau_pi,laplacian(rho),grad(rho)^2,jp^2,tau_tensor}}
    # linearly-combine-density-matrices = file : 0.6 * infile1, 0.4 * infile2, ...
    # spin-rotate-2c-density-matrix = file : infile, angle_degrees, (ux, uy, uz)
    linear-dependence-tol = 1e-06
    # overlap-for-ci-state-files = file1, file2
  }

  scf{
    spin-symmetry-constraint = General Hartree-Fock
    linear-dependence-tol = 1e-10
    uhf-spin-projection = free
    disable-spin-zeeman-in-fock-matrix = no
    noisy-init-guess = no
    # density-matrix-input-file = 
    # density-matrix-output-file = 
    # density-plot-data = {filename,(x0,y0,z0),(x1,y1,z1),(x2,y2,z2),(x3,y3,z3),(N1xN2xN3),precision=N,scolon={y/n},fields{rho,grad(rho),jp,j,A,B,rho2nu,rho2omega,tau_p,tau_pi,laplacian(rho),grad(rho)^2,jp^2,tau_tensor}}
    # molecular-orbitals-to-plot = (1,2,3,...)
    min-scf-iterations = 0
    max-scf-iterations = 160
    use-density-fitting = no
    use-admm = no
    analyze-using-dft-grid = no

    diis{
      convergence-tolerance = 1e-10
      subspace-dimension = 7
      diagonalization-temperature = 0
    }
  }

  casscf{
    max-active-orbitals = 2000
    number-of-frozen-orbitals = 0
    number-of-states-in-casscf-optimization = 1
    number-of-ci-states = 2
    spin-projection = default
    num-1exc-init-vec = 0
    num-2exc-init-vec = 0
    use-noisy-init-vec = no
    ci-max-subspace-dim = default
    ci-convergence-tol = 1e-06
    # density-matrix-input-file = 
    # density-matrix-output-file = 
    # ci-states-output-file = 
    # density-plot-data = {filename,(x0,y0,z0),(x1,y1,z1),(x2,y2,z2),(x3,y3,z3),(N1xN2xN3),precision=N,scolon={y/n},fields{rho,grad(rho),jp,j,A,B,rho2nu,rho2omega,tau_p,tau_pi,laplacian(rho),grad(rho)^2,jp^2,tau_tensor}}
    # analysis-weights = (w0, w1, ...)
  }

  mp2{
    spin-projection = default
    number-of-weights = 8
    basis-functions-per-block = 20
    cs-tolerance = 0
    print-mp2-components = 0
    # density-matrix-input-file = 
    # density-matrix-output-file = 
    #property-request = relaxed-density-matrix
  }

  rsp{
    number-of-roots-requested = 2
    root-selection-method = energy
    excitation-basis = MObasis
    starting-guess = UnitGuess
    solver_choice = GenEig
    method_choice = RPA
    precondition = false
    initial-subspace-dimension = 60
    maximum-subspace-dimension = 800
    convergence-tolerance = 1e-10
    max-rsp-iterations = 200
    # density-matrix-input-file = 
    # density-matrix-output-file = 
  }

  coupled-cluster{
    truncation-level = CCSD
    property-request = off
    spin-projection = default
    max-it = 150
    write-t-amplitudes = yes
    read-t-amplitudes = no
    # density-matrix-output-file = 
    # memory-in-gb = 
    # interface = 
    # molecular-orbitals-to-freeze = (1,3,5,...)
    diis{
      convergence-tolerance = 1e-06
      subspace-dimension = 7
      diagonalization-temperature = 0
    }
  }

  finite-difference{
    run-finite-difference = false
    run-type = gradient
    use-ref-density = false
    step-size = 0.0005
  }

  system{
    molecular-charge = 0
    correlation-model = RSP

    hamiltonian{
      electron-mass = 1
      speed-of-light = 137.036
      adiabatic-connection-lambda = 1
      nuclear-charge-distribution = point charge

      magnetic-field = (0, 0, 0)
      gauge-origin = (0, 0, 0.1173)

      linear-magnetic-field = {(0.005, 0, 0), (0, -0.005, 0), (0, 0, 0)}
      linear-magnetic-origin = (-0.32371, -0.112242, 0)

      electric-field = (0, 0, 0)
      electric-origin = (0, 0, 0)
      linear-electric-field = {(0, 0, 0), (0, 0, 0), (0, 0, 0)}

      include-basis-expanded-scalar-potential = no
      scalar-potential-coefficients = (empty)
      include-basis-expanded-vector-potential = no
      vector-potential-coefficients-x = (empty)
      vector-potential-coefficients-y = (empty)
      vector-potential-coefficients-z = (empty)
      include-repulsion-from-external-density = no
      external-charge-density-scale-factor = 1
      include-coulomb-distance-to-external-density = no
      external-charge-density-distance-factor = 1
      # external-charge-density-file = filename
      # lieb-ref-density-file = filename
      # potential-plot-data = {filename,(x0,y0,z0),(x1,y1,z1),(x2,y2,z2),(x3,y3,z3),(N1xN2xN3),precision=N,scolon={y/n},fields{rho,grad(rho),jp,j,A,B,rho2nu,rho2omega,tau_p,tau_pi,laplacian(rho),grad(rho)^2,jp^2,tau_tensor}}

      integral{
        use-coulomb-integral-permutation-symmetry = yes
        use-cauchy-schwarz-screening = yes
        cauchy-schwarz-tol = 1e-15
        boys-function-tol = 1e-17
      }

      dft{
        # xc-functional = 0.7 * lda + 0.54 * lyp
        # xc-fun-parameter = {param1 = 0.1, param2 = 0.2, param3 = 0.3}
        jp-functional = none
        vrg-functional = none
        tau-correction = none
        vrg-hard-rs-cutoff = 62035.049
        vrg-soft-density-cutoff = 1e-14
        exact-exchange-fraction = default
        # gridfile = 
        radial-grid-type = LMG
        allow-grid-pruning = yes
        gc2-radial-grid-threshold = 1e-13
        lebedev-angular-target-degree = 35
        lebedev-angular-minimal-degree = 15
        weight-screen-threshold = 1e-20
        becke-hardness = 3
        allow-becke-atom-size-correction = yes
      }
    }

    # data on state flags lost, output incomplete here
    use-london-orbitals = yes
    gto-contraction-type = all, normalizedprimitive
    basis = STO-3G
    # density-fitting-basis = 
    # admm-basis = 
    # scalar-potential-basis = 
    # vector-potential-basis = 
    # if you really want to: # orbital-wave-vector-offset = (0, 0, 0)
    charge = 1
    H          1.5            0            0
    H            0            0            0
  }
}

Basis set information:
The orbital basis consists of 6 basis functions formed from linear combinations of 6 primitive basis functions.
The density-fitting basis consists of 0 basis functions formed from linear combinations of 0 primitive basis functions.
The scalar potential basis consists of 0 basis functions formed from linear combinations of 0 primitive basis functions.
The vector potential basis consists of 0 basis functions formed from linear combinations of 0 primitive basis functions.
GHF Spin type 1

RSP: Running Hartree-Fock to determine orbital space.
RSP: run scf2


SCF: Running SCF optimization.

SCF: The SCF basis contains 6 basis functions.
INFO: Including non-uniform magnetic field in the Hamiltonian.
INFO: Adding spin-Zeeman term to GHF Fock matrix.
INFO: Adding spin-Zeeman from non-uniform field to GHF Fock matrix.
 Fock build F = F(D) performed in 0 seconds (with 0 seconds used for Coulomb and exchange).
SCF-SD: Initial density by diagonalizing the one-electron part of the Fock matrix.
Initial trace: Tr(D) = (2,-8.47033e-22)
Spin components of initial density:
     <sigma_x> = <2 S_x> = -8.67198e-13
     <sigma_y> = <2 S_y> = 1.09043e-07
     <sigma_z> = <2 S_z> = 4.44089e-16

SCF iteration 1:       [wall time: Wed Jan  4 18:18:27 2023]
INFO: Including non-uniform magnetic field in the Hamiltonian.
INFO: Adding spin-Zeeman term to GHF Fock matrix.
INFO: Adding spin-Zeeman from non-uniform field to GHF Fock matrix.
SCF: using a fraction 1 of Hartree-Fock exchange.
DevINFO: screened away 0 out of 351 symmetry unique quadruples ABCD.
 Fock build F = F(D) performed in 0 seconds (with 0 seconds used for Coulomb and exchange).
 Total energy: -1.071154653 Hartree
 Fock matrix inversion D = D(Fmix) performed in 0 seconds.
  Nuclear repulsion:  0.6666666667
  Kinetic:            1.412493059
  Nuclear attraction: -3.880133496
  Spin Zeeman effect: -3.690532719e-05
  Coulomb:            1.459729336
  Exchange:           -0.729873314
  Total:              -1.071154653

 Ehomo = -0.520308738, Elumo = 0.2639070732
 DIIS error norm: 0.3214837963

SCF iteration 2:       [wall time: Wed Jan  4 18:18:27 2023]
INFO: Including non-uniform magnetic field in the Hamiltonian.
INFO: Adding spin-Zeeman term to GHF Fock matrix.
INFO: Adding spin-Zeeman from non-uniform field to GHF Fock matrix.
SCF: using a fraction 1 of Hartree-Fock exchange.
DevINFO: screened away 0 out of 351 symmetry unique quadruples ABCD.
 Fock build F = F(D) performed in 0 seconds (with 0 seconds used for Coulomb and exchange).
 Total energy: -1.116601773 Hartree
 Fock matrix inversion D = D(Fmix) performed in 0 seconds.
  Nuclear repulsion:  0.6666666667
  Kinetic:            1.1159649
  Nuclear attraction: -3.551513955
  Spin Zeeman effect: -6.380605078e-05
  Coulomb:            1.304725107
  Exchange:           -0.6523806853
  Total:              -1.116601773

 Ehomo = -0.5720252545, Elumo = 0.2320562009
 DIIS error norm: 0.05658030478

SCF iteration 3:       [wall time: Wed Jan  4 18:18:27 2023]
INFO: Including non-uniform magnetic field in the Hamiltonian.
INFO: Adding spin-Zeeman term to GHF Fock matrix.
INFO: Adding spin-Zeeman from non-uniform field to GHF Fock matrix.
SCF: using a fraction 1 of Hartree-Fock exchange.
DevINFO: screened away 0 out of 351 symmetry unique quadruples ABCD.
 Fock build F = F(D) performed in 0 seconds (with 0 seconds used for Coulomb and exchange).
 Total energy: -1.118174312 Hartree
 Fock matrix inversion D = D(Fmix) performed in 0 seconds.
  Nuclear repulsion:  0.6666666667
  Kinetic:            1.059116516
  Nuclear attraction: -3.479416256
  Spin Zeeman effect: -8.432499565e-05
  Coulomb:            1.271146587
  Exchange:           -0.6356035001
  Total:              -1.118174312

 Ehomo = -0.5719612436, Elumo = 0.2309309605
 DIIS error norm: 0.002883227764

SCF iteration 4:       [wall time: Wed Jan  4 18:18:27 2023]
INFO: Including non-uniform magnetic field in the Hamiltonian.
INFO: Adding spin-Zeeman term to GHF Fock matrix.
INFO: Adding spin-Zeeman from non-uniform field to GHF Fock matrix.
SCF: using a fraction 1 of Hartree-Fock exchange.
DevINFO: screened away 0 out of 351 symmetry unique quadruples ABCD.
 Fock build F = F(D) performed in 0 seconds (with 0 seconds used for Coulomb and exchange).
 Total energy: -1.11817869 Hartree
 Fock matrix inversion D = D(Fmix) performed in 0 seconds.
  Nuclear repulsion:  0.6666666667
  Kinetic:            1.058546606
  Nuclear attraction: -3.478544441
  Spin Zeeman effect: -9.624741137e-05
  Coulomb:            1.270577484
  Exchange:           -0.6353287572
  Total:              -1.11817869

 Ehomo = -0.5723947632, Elumo = 0.2309684241
 DIIS error norm: 0.001391389819

SCF iteration 5:       [wall time: Wed Jan  4 18:18:27 2023]
INFO: Including non-uniform magnetic field in the Hamiltonian.
INFO: Adding spin-Zeeman term to GHF Fock matrix.
INFO: Adding spin-Zeeman from non-uniform field to GHF Fock matrix.
SCF: using a fraction 1 of Hartree-Fock exchange.
DevINFO: screened away 0 out of 351 symmetry unique quadruples ABCD.
 Fock build F = F(D) performed in 0 seconds (with 0 seconds used for Coulomb and exchange).
 Total energy: -1.118182187 Hartree
 Fock matrix inversion D = D(Fmix) performed in 0 seconds.
  Nuclear repulsion:  0.6666666667
  Kinetic:            1.058359135
  Nuclear attraction: -3.478246666
  Spin Zeeman effect: -0.0001179620479
  Coulomb:            1.270437335
  Exchange:           -0.6352806949
  Total:              -1.118182187

 Ehomo = -0.572130036, Elumo = 0.2309634914
 DIIS error norm: 0.0004401321423

SCF iteration 6:       [wall time: Wed Jan  4 18:18:27 2023]
INFO: Including non-uniform magnetic field in the Hamiltonian.
INFO: Adding spin-Zeeman term to GHF Fock matrix.
INFO: Adding spin-Zeeman from non-uniform field to GHF Fock matrix.
SCF: using a fraction 1 of Hartree-Fock exchange.
DevINFO: screened away 0 out of 351 symmetry unique quadruples ABCD.
 Fock build F = F(D) performed in 0 seconds (with 0 seconds used for Coulomb and exchange).
 Total energy: -1.118182513 Hartree
 Fock matrix inversion D = D(Fmix) performed in 0 seconds.
  Nuclear repulsion:  0.6666666667
  Kinetic:            1.058516587
  Nuclear attraction: -3.478424047
  Spin Zeeman effect: -0.0001268858811
  Coulomb:            1.27051567
  Exchange:           -0.6353305042
  Total:              -1.118182513

 Ehomo = -0.5721330013, Elumo = 0.230962639
 DIIS error norm: 2.108525424e-05

SCF iteration 7:       [wall time: Wed Jan  4 18:18:27 2023]
INFO: Including non-uniform magnetic field in the Hamiltonian.
INFO: Adding spin-Zeeman term to GHF Fock matrix.
INFO: Adding spin-Zeeman from non-uniform field to GHF Fock matrix.
SCF: using a fraction 1 of Hartree-Fock exchange.
DevINFO: screened away 0 out of 351 symmetry unique quadruples ABCD.
 Fock build F = F(D) performed in 0 seconds (with 0 seconds used for Coulomb and exchange).
 Total energy: -1.118182514 Hartree
 Fock matrix inversion D = D(Fmix) performed in 0 seconds.
  Nuclear repulsion:  0.6666666667
  Kinetic:            1.058513833
  Nuclear attraction: -3.478421364
  Spin Zeeman effect: -0.0001265610371
  Coulomb:            1.270514529
  Exchange:           -0.6353296164
  Total:              -1.118182514

 Ehomo = -0.5721330809, Elumo = 0.2309629475
 DIIS error norm: 2.708298661e-07

SCF iteration 8:       [wall time: Wed Jan  4 18:18:27 2023]
INFO: Including non-uniform magnetic field in the Hamiltonian.
INFO: Adding spin-Zeeman term to GHF Fock matrix.
INFO: Adding spin-Zeeman from non-uniform field to GHF Fock matrix.
SCF: using a fraction 1 of Hartree-Fock exchange.
DevINFO: screened away 0 out of 351 symmetry unique quadruples ABCD.
 Fock build F = F(D) performed in 0 seconds (with 0 seconds used for Coulomb and exchange).
 Total energy: -1.118182514 Hartree
 Fock matrix inversion D = D(Fmix) performed in 0 seconds.
  Nuclear repulsion:  0.6666666667
  Kinetic:            1.058514083
  Nuclear attraction: -3.478421692
  Spin Zeeman effect: -0.0001265600589
  Coulomb:            1.27051468
  Exchange:           -0.6353296906
  Total:              -1.118182514

 Ehomo = -0.5721330779, Elumo = 0.230962928
 DIIS error norm: 2.272764542e-08

SCF iteration 9:       [wall time: Wed Jan  4 18:18:27 2023]
INFO: Including non-uniform magnetic field in the Hamiltonian.
INFO: Adding spin-Zeeman term to GHF Fock matrix.
INFO: Adding spin-Zeeman from non-uniform field to GHF Fock matrix.
SCF: using a fraction 1 of Hartree-Fock exchange.
DevINFO: screened away 0 out of 351 symmetry unique quadruples ABCD.
 Fock build F = F(D) performed in 0 seconds (with 0 seconds used for Coulomb and exchange).
 Total energy: -1.118182514 Hartree
 Fock matrix inversion D = D(Fmix) performed in 0 seconds.
  Nuclear repulsion:  0.6666666667
  Kinetic:            1.058514066
  Nuclear attraction: -3.47842167
  Spin Zeeman effect: -0.0001265601474
  Coulomb:            1.27051467
  Exchange:           -0.6353296857
  Total:              -1.118182514

 Ehomo = -0.5721330779, Elumo = 0.2309629282
 DIIS error norm: 1.030933294e-08

SCF iteration 10:       [wall time: Wed Jan  4 18:18:27 2023]
INFO: Including non-uniform magnetic field in the Hamiltonian.
INFO: Adding spin-Zeeman term to GHF Fock matrix.
INFO: Adding spin-Zeeman from non-uniform field to GHF Fock matrix.
SCF: using a fraction 1 of Hartree-Fock exchange.
DevINFO: screened away 0 out of 351 symmetry unique quadruples ABCD.
 Fock build F = F(D) performed in 0 seconds (with 0 seconds used for Coulomb and exchange).
 Total energy: -1.118182514 Hartree
 Fock matrix inversion D = D(Fmix) performed in 0 seconds.
  Nuclear repulsion:  0.6666666667
  Kinetic:            1.058514067
  Nuclear attraction: -3.478421671
  Spin Zeeman effect: -0.0001265601421
  Coulomb:            1.27051467
  Exchange:           -0.6353296859
  Total:              -1.118182514

 Ehomo = -0.5721330781, Elumo = 0.2309629285
 DIIS error norm: 1.817139301e-09

SCF iteration 11:       [wall time: Wed Jan  4 18:18:27 2023]
INFO: Including non-uniform magnetic field in the Hamiltonian.
INFO: Adding spin-Zeeman term to GHF Fock matrix.
INFO: Adding spin-Zeeman from non-uniform field to GHF Fock matrix.
SCF: using a fraction 1 of Hartree-Fock exchange.
DevINFO: screened away 0 out of 351 symmetry unique quadruples ABCD.
 Fock build F = F(D) performed in 0 seconds (with 0 seconds used for Coulomb and exchange).
 Total energy: -1.118182514 Hartree
 Fock matrix inversion D = D(Fmix) performed in 0 seconds.
  Nuclear repulsion:  0.6666666667
  Kinetic:            1.058514067
  Nuclear attraction: -3.478421671
  Spin Zeeman effect: -0.0001265601433
  Coulomb:            1.270514671
  Exchange:           -0.6353296859
  Total:              -1.118182514

 Ehomo = -0.5721330779, Elumo = 0.2309629285
 DIIS error norm: 7.480896433e-10

SCF iteration 12:       [wall time: Wed Jan  4 18:18:27 2023]
INFO: Including non-uniform magnetic field in the Hamiltonian.
INFO: Adding spin-Zeeman term to GHF Fock matrix.
INFO: Adding spin-Zeeman from non-uniform field to GHF Fock matrix.
SCF: using a fraction 1 of Hartree-Fock exchange.
DevINFO: screened away 0 out of 351 symmetry unique quadruples ABCD.
 Fock build F = F(D) performed in 0 seconds (with 0 seconds used for Coulomb and exchange).
 Total energy: -1.118182514 Hartree
 Fock matrix inversion D = D(Fmix) performed in 0 seconds.
  Nuclear repulsion:  0.6666666667
  Kinetic:            1.058514067
  Nuclear attraction: -3.478421671
  Spin Zeeman effect: -0.0001265601434
  Coulomb:            1.270514671
  Exchange:           -0.6353296859
  Total:              -1.118182514

 Ehomo = -0.5721330779, Elumo = 0.2309629285
 DIIS error norm: 4.78491251e-11

Converged SCF results:
-----------------------
(pre-RSP) Nuclear repulsion:  0.6666666666666666
(pre-RSP) Kinetic:            1.05851406680575
(pre-RSP) Nuclear attraction: -3.478421671441274
(pre-RSP) Spin Zeeman effect: -0.0001265601433962212
(pre-RSP) Coulomb:            1.270514670502278
(pre-RSP) Exchange:           -0.6353296859018415
(pre-RSP) Total electronic:   -1.784849180178484
(pre-RSP) Total:              -1.118182513511818

(pre-RSP) E(LUMO): 0.2309629285329577
(pre-RSP) E(HOMO): -0.5721330779341179
(pre-RSP) E(GAP):  0.8030960064670756

Orbital energies (Eorb), orbital contributions to the total energy (Econtrib), and reflection symmetry properties for the molecular orbitals:

Orbital analysis (pre-RSP)
    Eorb      Econtrib  Occ  Reflection(xy)  Reflection(xz)  Reflection(yz)
---------------------------------------------------------------------------


Properties:
-----------
Spin components: <sigma_x> = <2 S_x> = -4.035501880578218e-11
                 <sigma_y> = <2 S_y> = 1.37894963581704e-06
                 <sigma_z> = <2 S_z> = 2.220446049250313e-16
Total spin: <sigma^2> = <4 S^2> = 0.002268635732047608 = 4 * 0.0005668376281152687 * (0.0005668376281152687 + 1)
Total spin quantum number: s = 0.0005668376281152687


(SCF) Traces of the SCF 1-electron density matrix with simple operators
(SCF) Mechanical/kinetic momentum:
(SCF)     <PIx> = -4.388837652937804e-17
(SCF)     <PIy> = 1.9122510798309e-22
(SCF)     <PIz> = 2.896445852844232e-08
(SCF)     B x pi = (0, -0, 0)
(SCF) Angular momentum w.r.t. gauge origin (0, 0, 0.1173):
(SCF)     <Lx> = 0.008185766498872616
(SCF)     <Ly> = -0.001053231160238232
(SCF)     <Lz> = 1.436304202883627e-22
(SCF) Coordinate derivative contribution to angular momentum w.r.t. C = (0, 0, 0.1173):
(SCF)     <Lcoord_x> = 0
(SCF)     <Lcoord_y> = 0.0006906085524511254
(SCF)     <Lcoord_z> = 0
(SCF) Dipole moment:
(SCF)     <x> = 1.499883274846228
(SCF)     <y> = 0
(SCF)     <z> = -1.102655927626849e-19
(SCF) Nuclear dipole moment:
(SCF)     <X> = 1.5
(SCF)     <Y> = 0
(SCF)     <Z> = 0
(SCF) Total dipole moment: (0.0001167251537719238, 0, 1.102655927626849e-19)
(SCF) Coordinate derivative contribution to angular momentum w.r.t. center of charge (0.7499416374231137, 0, -5.513279638134244e-20):
(SCF)     <Lambda_x> = 0
(SCF)     <Lambda_y> = 8.813312669647774e-05
(SCF)     <Lambda_z> = 0
(SCF) Electronic quadrupole moments w.r.t. center of electronic charge at (0.7499416374231137, 0, -5.513279638134244e-20):
(SCF)         x         y          z
(SCF) x: 2.288120395161345  0  3.651769431232892e-21
(SCF) y: 0  1.524911757466161  0
(SCF) z: 3.651769431232892e-21  0  1.524911533840776
(SCF) Magnetic quadrupole moments w.r.t. C = (-0.32371, -0.112242, 0):
(SCF)         x         y          z
(SCF) Jx: -0.006527580709767978  -0.0005104400858682276  6.957034472679695e-19
(SCF) Jy: 0.0006033189000853637  0.005270243699700314  5.822608528540189e-18
(SCF) Jz: -2.289410494829343e-18  -6.006957195297658e-18  0.001257337010067664
(SCF) Anapole moment w.r.t. C = (-0.32371, -0.112242, 0):
(SCF)     a_x = -1.182956572383785e-17
(SCF)     a_y = 2.985113942097313e-18
(SCF)     a_z = 0.001113758985953591
(SCF) Hellmann-Feynman forces:
(SCF) H-F force on H at pos = (1.5, 0, 0):   F = (0.4080092424355558, 0, 1.88496215474399e-20)
(SCF) H-F force on H at pos = (0, 0, 0):   F = (-0.407983705802379, 0, 2.133368118421622e-20)
(SCF) Total H-F force on center of mass:   Ftot = (2.553663317678145e-05, 0, 4.018330273165612e-20)
(SCF) Scaling pressure w.r.t. center of charge:   0.6119947126688348
(SCF) Total H-F torque w.r.t. center of charge: (0, 1.862107432484215e-21, 0)
(SCF) Nuclear shielding integrals:
(SCF) H at C = (1.5, 0, 0):
(SCF)    <Lx/|r - C|^3> = 0
(SCF)    <Ly/|r - C|^3> = -0.000175831113327838
(SCF)    <Lz/|r - C|^3> = 0
(SCF) H at C = (0, 0, 0):
(SCF)    <Lx/|r - C|^3> = 0
(SCF)    <Ly/|r - C|^3> = 0.0001519516475221212
(SCF)    <Lz/|r - C|^3> = 0
 

(SCF) Traces of the SCF 1-electron spin-density matrix with simple operators
(SCF) Spin contribution to magnetic quadrupole moments w.r.t. C = (-0.32371, -0.112242, 0):
(SCF)         x         y          z
(SCF) Sx: 0.02531195124706623  2.264763843042722e-12  4.400781804541103e-21
(SCF) Sy: -2.920388680368687e-12  -7.738803251168809e-08  6.147646637548964e-19
(SCF) Sz: -7.771561172376096e-16  -2.081668171172169e-17  -2.04593911380533e-08
(SCF) Spin contribution to anapole moment w.r.t. C = (-0.32371, -0.112242, 0):
(SCF)     aspin_x = -2.143144637547658e-17
(SCF)     aspin_y = 7.771605180194141e-16
(SCF)     aspin_z = -5.185152523411409e-12
 
RSP: done run scf2
Number of MOs = 12


RSP: Hartree-Fock orbitals have been obtained. 
RSP: Hartree-Fock final energy = -1.118182513511818
RSP: Hartree-Fock orbital energies: 
0	-0.5775311176458321
1	-0.5721330779341179
2	0.2309629285329577
3	0.2363608381314112
4	0.6562258512544737
5	0.6616236204576629
6	1.088788236054991
7	1.094187094876268
8	5.401445727808342
9	5.406843882326664
10	5.773881046469886
11	5.779278960673747
Entering response module
No. of electrons: (2.000000000000004,6.469532052125362e-17)
DevINFO: screened away 0 out of 351 symmetry unique quadruples ABCD.
Recomputed final SCF electronic energy (-1.784849180496154,4.881001810996217e-17) (-1.149664195578046,4.998833783249728e-17) (0.6351849849181086,1.178319722535112e-18)
unit_vectors():   MO Single-transition excitations in total.
Constructing start guesses for RPA-solver using the 60 lowest ones.
2 <- 1 : 0.8030960064670756
3 <- 1 : 0.8084939160655291
2 <- 0 : 0.8084940461787897
3 <- 0 : 0.8138919557772433
4 <- 1 : 1.228358929188592
5 <- 1 : 1.233756698391781
4 <- 0 : 1.233756968900306
5 <- 0 : 1.239154738103495
6 <- 1 : 1.660921313989109
6 <- 0 : 1.666319353700823
7 <- 1 : 1.666320172810386
7 <- 0 : 1.6717182125221
8 <- 1 : 5.97357880574246
8 <- 0 : 5.978976845454175
9 <- 1 : 5.978976960260782
9 <- 0 : 5.984374999972497
10 <- 1 : 6.346014124404004
11 <- 1 : 6.351412038607865
10 <- 0 : 6.351412164115718
11 <- 0 : 6.35681007831958
Made 20 starting vectors 
DevINFO: screened away 0 out of 351 symmetry unique quadruples ABCD.
DevINFO: screened away 0 out of 351 symmetry unique quadruples ABCD.
DevINFO: screened away 0 out of 351 symmetry unique quadruples ABCD.
DevINFO: screened away 0 out of 351 symmetry unique quadruples ABCD.
DevINFO: screened away 0 out of 351 symmetry unique quadruples ABCD.
DevINFO: screened away 0 out of 351 symmetry unique quadruples ABCD.
DevINFO: screened away 0 out of 351 symmetry unique quadruples ABCD.
DevINFO: screened away 0 out of 351 symmetry unique quadruples ABCD.
DevINFO: screened away 0 out of 351 symmetry unique quadruples ABCD.
DevINFO: screened away 0 out of 351 symmetry unique quadruples ABCD.
DevINFO: screened away 0 out of 351 symmetry unique quadruples ABCD.
DevINFO: screened away 0 out of 351 symmetry unique quadruples ABCD.
DevINFO: screened away 0 out of 351 symmetry unique quadruples ABCD.
DevINFO: screened away 0 out of 351 symmetry unique quadruples ABCD.
DevINFO: screened away 0 out of 351 symmetry unique quadruples ABCD.
DevINFO: screened away 0 out of 351 symmetry unique quadruples ABCD.
DevINFO: screened away 0 out of 351 symmetry unique quadruples ABCD.
DevINFO: screened away 0 out of 351 symmetry unique quadruples ABCD.
DevINFO: screened away 0 out of 351 symmetry unique quadruples ABCD.
DevINFO: screened away 0 out of 351 symmetry unique quadruples ABCD.
The Davidson solver is about to start.
-------
Davidson step #0, 40 RPA trial vectors already in subspace.
The Davidson solver converged to a solution. 1 iterations and 0 restarts were needed.
==============================================================================================================
The Final eigenvalues from the Davidson method
==============================================================================================================
(RSP) 	 Excitation Energy 	0.3210762718172011	0.5314698669569675	
==============================================================================================================
Root: 0	 with energy 0.3210762718172011
==============================================================================================================
2 <-- 0 C^2 :  0.4563153466189201 C : (0.001452904905033359,0.6755096118385416)
3 <-- 1 C^2 :  0.4563154636154583 C : (-0.0005681073088792975,0.6755110220192887)
==============================================================================================================
Root: 1	 with energy 0.5314698669569675
==============================================================================================================
2 <-- 0 C^2 :  0.4960520462885278 C : (0.6885344322874252,-0.1482308397168447)
3 <-- 1 C^2 :  0.496052513189809 C : (-0.6889751555182521,0.146170271493246)
==============================================================================================================
==============================================================================================================
(RSP) Transition Dipole Moment, <1| coordinate |2>  |  Roots  |              Dipole Moment
==============================================================================================================
(RSP) Transition Dipole Moment, <1|x|2>             |    0    |     (-2.827941558811338e-08,2.721528701097459e-07)
(RSP) Transition Dipole Moment, <1|x|2>             |    1    |     (1.340119177328794,-0.1430734403871676)

(RSP) Transition Dipole Moment, <1|y|2>             |    0    |     (0,0)
(RSP) Transition Dipole Moment, <1|y|2>             |    1    |     (0,0)

(RSP) Transition Dipole Moment, <1|z|2>             |    0    |     (-2.802759220185951e-10,-2.912346514123698e-11)
(RSP) Transition Dipole Moment, <1|z|2>             |    1    |     (-0.0001259215722507825,-0.00117946359125864)


==============================================================================================================
(RSP) Transition Moment, <1| pi_coordinate |2>      |  Roots  |              Dipole Moment
==============================================================================================================
(RSP) Transition Moment, <1|pi_x|2>                 |    0    |     (2.157037714374185e-08,2.241378704653189e-09)
(RSP) Transition Moment, <1|pi_x|2>                 |    1    |     (-0.07099858753963635,-0.6650190871740418)

(RSP) Transition Moment, <1|pi_y|2>                 |    0    |     (-5.425363820128498e-10,-5.637497750861816e-11)
(RSP) Transition Moment, <1|pi_y|2>                 |    1    |     (2.25341191315434e-07,2.110692600294913e-06)

(RSP) Transition Moment, <1|pi_z|2>                 |    0    |     (1.428480095356975e-10,-1.374727684252311e-09)
(RSP) Transition Moment, <1|pi_z|2>                 |    1    |     (-0.0002368776441667976,2.528946684376564e-05)


==============================================================================================================
(RSP) Electric Dipole Oscillator Strength
(length gauge):            	1.602534257151388e-14	0.6435713270124958	
(magnetic-velocity gauge): 	9.811017832205822e-16	0.561074446929045	
(mixed gauge):             	(3.955623643733326e-15,8.126518950884243e-24)	(0.6009087511777293,-4.624625191463109e-17)	

